25/06/2016 01:34:08 - INFO - br.zul.zwork2.test.ZTestManager.executeTest(ZCustomTest test):[br.zul.zwork2.test.basic.ZConverterTests]Testando Conversores...25/06/2016 01:34:08 - INFO - br.zul.zwork2.test.ZTestManager.executeTest(ZCustomTest test):OK!25/06/2016 01:34:08 - INFO - br.zul.zwork2.test.ZTestManager.printMultipleTestResult(ZCustomTest test):[1/1]25/06/2016 01:34:08 - INFO - br.zul.zwork2.test.ZTestManager.executeTest(ZCustomTest test):
25/06/2016 01:34:08 - INFO - br.zul.zwork2.test.ZTestManager.executeTest(ZCustomTest test):[br.zul.zwork2.test.basic.ZEntityTests]Testando Entidades...25/06/2016 01:34:08 - INFO - br.zul.zwork2.test.ZTestManager.executeTest(ZCustomTest test):OK!25/06/2016 01:34:08 - INFO - br.zul.zwork2.test.ZTestManager.printMultipleTestResult(ZCustomTest test):[4/4]25/06/2016 01:34:08 - INFO - br.zul.zwork2.test.ZTestManager.executeTest(ZCustomTest test):
25/06/2016 01:34:08 - INFO - br.zul.zwork2.test.ZTestManager.executeTest(ZCustomTest test):[br.zul.zwork2.test.basic.ZInjectTests]Testando Injeções de dependência...25/06/2016 01:34:08 - INFO - br.zul.zwork2.test.ZTestManager.executeTest(ZCustomTest test):OK!25/06/2016 01:34:08 - INFO - br.zul.zwork2.test.ZTestManager.printMultipleTestResult(ZCustomTest test):[2/2]25/06/2016 01:34:08 - INFO - br.zul.zwork2.test.ZTestManager.executeTest(ZCustomTest test):
25/06/2016 01:34:08 - INFO - br.zul.zwork2.main.Main.main(String[] args):Quantidade de testes bem sucedidos: 3
25/06/2016 01:34:08 - INFO - br.zul.zwork2.main.Main.main(String[] args):Quantidade de testes que falharam: 0
25/06/2016 01:34:08 - INFO - br.zul.zwork2.main.Main.main(String[] args):Quantidade de testes que apresentaram erro: 0
03/07/2016 01:25:26 - INFO - br.zul.zwork2.test.ZTestManager.executeTest(ZCustomTest test):[br.zul.zwork2.test.basic.ZConverterTests]Testando Conversores...03/07/2016 01:25:26 - INFO - br.zul.zwork2.test.ZTestManager.executeTest(ZCustomTest test):OK!03/07/2016 01:25:26 - INFO - br.zul.zwork2.test.ZTestManager.printMultipleTestResult(ZCustomTest test):[1/1]03/07/2016 01:25:26 - INFO - br.zul.zwork2.test.ZTestManager.executeTest(ZCustomTest test):
03/07/2016 01:25:26 - INFO - br.zul.zwork2.test.ZTestManager.executeTest(ZCustomTest test):[br.zul.zwork2.test.basic.ZEntityTests]Testando Entidades...03/07/2016 01:25:26 - INFO - br.zul.zwork2.test.ZTestManager.executeTest(ZCustomTest test):OK!03/07/2016 01:25:26 - INFO - br.zul.zwork2.test.ZTestManager.printMultipleTestResult(ZCustomTest test):[4/4]03/07/2016 01:25:26 - INFO - br.zul.zwork2.test.ZTestManager.executeTest(ZCustomTest test):
03/07/2016 01:25:26 - INFO - br.zul.zwork2.test.ZTestManager.executeTest(ZCustomTest test):[br.zul.zwork2.test.basic.ZInjectTests]Testando Injeções de dependência...03/07/2016 01:25:26 - INFO - br.zul.zwork2.test.ZTestManager.executeTest(ZCustomTest test):OK!03/07/2016 01:25:26 - INFO - br.zul.zwork2.test.ZTestManager.printMultipleTestResult(ZCustomTest test):[2/2]03/07/2016 01:25:26 - INFO - br.zul.zwork2.test.ZTestManager.executeTest(ZCustomTest test):
03/07/2016 01:25:26 - INFO - br.zul.zwork2.main.Main.main(String[] args):Quantidade de testes bem sucedidos: 3
03/07/2016 01:25:26 - INFO - br.zul.zwork2.main.Main.main(String[] args):Quantidade de testes que falharam: 0
03/07/2016 01:25:26 - INFO - br.zul.zwork2.main.Main.main(String[] args):Quantidade de testes que apresentaram erro: 0
03/07/2016 01:37:50 - INFO - br.zul.zwork2.test.ZTestManager.executeTest(ZCustomTest test):[br.zul.zwork2.test.basic.ZConverterTests]Testando Conversores...03/07/2016 01:37:50 - INFO - br.zul.zwork2.test.ZTestManager.executeTest(ZCustomTest test):OK!03/07/2016 01:37:50 - INFO - br.zul.zwork2.test.ZTestManager.printMultipleTestResult(ZCustomTest test):[1/1]03/07/2016 01:37:50 - INFO - br.zul.zwork2.test.ZTestManager.executeTest(ZCustomTest test):
03/07/2016 01:37:50 - INFO - br.zul.zwork2.test.ZTestManager.executeTest(ZCustomTest test):[br.zul.zwork2.test.basic.ZEntityTests]Testando Entidades...03/07/2016 01:37:50 - INFO - br.zul.zwork2.test.ZTestManager.executeTest(ZCustomTest test):OK!03/07/2016 01:37:50 - INFO - br.zul.zwork2.test.ZTestManager.printMultipleTestResult(ZCustomTest test):[4/4]03/07/2016 01:37:50 - INFO - br.zul.zwork2.test.ZTestManager.executeTest(ZCustomTest test):
03/07/2016 01:37:50 - INFO - br.zul.zwork2.test.ZTestManager.executeTest(ZCustomTest test):[br.zul.zwork2.test.basic.ZInjectTests]Testando Injeções de dependência...03/07/2016 01:37:50 - INFO - br.zul.zwork2.test.ZTestManager.executeTest(ZCustomTest test):OK!03/07/2016 01:37:50 - INFO - br.zul.zwork2.test.ZTestManager.printMultipleTestResult(ZCustomTest test):[2/2]03/07/2016 01:37:50 - INFO - br.zul.zwork2.test.ZTestManager.executeTest(ZCustomTest test):
03/07/2016 01:37:50 - INFO - br.zul.zwork2.main.Main.main(String[] args):Quantidade de testes bem sucedidos: 3
03/07/2016 01:37:50 - INFO - br.zul.zwork2.main.Main.main(String[] args):Quantidade de testes que falharam: 0
03/07/2016 01:37:50 - INFO - br.zul.zwork2.main.Main.main(String[] args):Quantidade de testes que apresentaram erro: 0
03/07/2016 02:08:01 - INFO - br.zul.zwork2.test.ZTestManager.executeTest(ZCustomTest test):[br.zul.zwork2.test.basic.ZConverterTests]Testando Conversores...03/07/2016 02:08:01 - INFO - br.zul.zwork2.test.ZTestManager.executeTest(ZCustomTest test):OK!03/07/2016 02:08:01 - INFO - br.zul.zwork2.test.ZTestManager.printMultipleTestResult(ZCustomTest test):[1/1]03/07/2016 02:08:01 - INFO - br.zul.zwork2.test.ZTestManager.executeTest(ZCustomTest test):
03/07/2016 02:08:01 - INFO - br.zul.zwork2.test.ZTestManager.executeTest(ZCustomTest test):[br.zul.zwork2.test.basic.ZEntityTests]Testando Entidades...03/07/2016 02:08:01 - INFO - br.zul.zwork2.test.ZTestManager.executeTest(ZCustomTest test):OK!03/07/2016 02:08:01 - INFO - br.zul.zwork2.test.ZTestManager.printMultipleTestResult(ZCustomTest test):[4/4]03/07/2016 02:08:01 - INFO - br.zul.zwork2.test.ZTestManager.executeTest(ZCustomTest test):
03/07/2016 02:08:01 - INFO - br.zul.zwork2.test.ZTestManager.executeTest(ZCustomTest test):[br.zul.zwork2.test.basic.ZInjectTests]Testando Injeções de dependência...03/07/2016 02:08:01 - INFO - br.zul.zwork2.test.ZTestManager.executeTest(ZCustomTest test):OK!03/07/2016 02:08:01 - INFO - br.zul.zwork2.test.ZTestManager.printMultipleTestResult(ZCustomTest test):[2/2]03/07/2016 02:08:01 - INFO - br.zul.zwork2.test.ZTestManager.executeTest(ZCustomTest test):
03/07/2016 02:08:01 - INFO - br.zul.zwork2.main.Main.main(String[] args):Quantidade de testes bem sucedidos: 3
03/07/2016 02:08:01 - INFO - br.zul.zwork2.main.Main.main(String[] args):Quantidade de testes que falharam: 0
03/07/2016 02:08:01 - INFO - br.zul.zwork2.main.Main.main(String[] args):Quantidade de testes que apresentaram erro: 0
03/07/2016 02:08:39 - INFO - br.zul.zwork2.test.ZTestManager.executeTest(ZCustomTest test):[br.zul.zwork2.test.basic.ZConverterTests]Testando Conversores...03/07/2016 02:08:39 - INFO - br.zul.zwork2.test.ZTestManager.executeTest(ZCustomTest test):OK!03/07/2016 02:08:39 - INFO - br.zul.zwork2.test.ZTestManager.printMultipleTestResult(ZCustomTest test):[1/1]03/07/2016 02:08:39 - INFO - br.zul.zwork2.test.ZTestManager.executeTest(ZCustomTest test):
03/07/2016 02:08:39 - INFO - br.zul.zwork2.test.ZTestManager.executeTest(ZCustomTest test):[br.zul.zwork2.test.basic.ZEntityTests]Testando Entidades...03/07/2016 02:08:39 - INFO - br.zul.zwork2.test.ZTestManager.executeTest(ZCustomTest test):OK!03/07/2016 02:08:39 - INFO - br.zul.zwork2.test.ZTestManager.printMultipleTestResult(ZCustomTest test):[4/4]03/07/2016 02:08:39 - INFO - br.zul.zwork2.test.ZTestManager.executeTest(ZCustomTest test):
03/07/2016 02:08:39 - INFO - br.zul.zwork2.test.ZTestManager.executeTest(ZCustomTest test):[br.zul.zwork2.test.basic.ZInjectTests]Testando Injeções de dependência...03/07/2016 02:08:39 - INFO - br.zul.zwork2.test.ZTestManager.executeTest(ZCustomTest test):OK!03/07/2016 02:08:39 - INFO - br.zul.zwork2.test.ZTestManager.printMultipleTestResult(ZCustomTest test):[2/2]03/07/2016 02:08:39 - INFO - br.zul.zwork2.test.ZTestManager.executeTest(ZCustomTest test):
03/07/2016 02:08:39 - INFO - br.zul.zwork2.main.Main.main(String[] args):Quantidade de testes bem sucedidos: 3
03/07/2016 02:08:39 - INFO - br.zul.zwork2.main.Main.main(String[] args):Quantidade de testes que falharam: 0
03/07/2016 02:08:39 - INFO - br.zul.zwork2.main.Main.main(String[] args):Quantidade de testes que apresentaram erro: 0
