28/07/2016 11:04:29 - WARNING - br.zul.zwork2.test.ZTestManager.executeTest(ZCustomTest test):FALHOU!
28/07/2016 11:04:29 - WARNING - br.zul.zwork2.test.ZTestManager.printExpectedResult(ZCustomTest test, ZIndividualTestResult r):[br.zul.zwork2.test.basic.image.ZImageTest2]leitura de imagem de recurso interno 2 ... Falhou!
28/07/2016 11:04:29 - WARNING - br.zul.zwork2.test.ZTestManager.printExpectedResult(ZCustomTest test, ZIndividualTestResult r):Resultado esperado: true
Resultado obtido: false
28/07/2016 11:08:11 - WARNING - br.zul.zwork2.test.ZTestManager.executeTest(ZCustomTest test):FALHOU!
28/07/2016 11:08:11 - WARNING - br.zul.zwork2.test.ZTestManager.printExpectedResult(ZCustomTest test, ZIndividualTestResult r):[br.zul.zwork2.test.basic.image.ZImageTest1]leitura de imagem de recurso interno ... Falhou!
28/07/2016 11:08:11 - WARNING - br.zul.zwork2.test.ZTestManager.printExpectedResult(ZCustomTest test, ZIndividualTestResult r):Resultado esperado: true
Resultado obtido: false
28/07/2016 11:08:11 - WARNING - br.zul.zwork2.test.ZTestManager.printExpectedResult(ZCustomTest test, ZIndividualTestResult r):[br.zul.zwork2.test.basic.image.ZImageTest2]leitura de imagem de recurso interno 2 ... Falhou!
28/07/2016 11:08:11 - WARNING - br.zul.zwork2.test.ZTestManager.printExpectedResult(ZCustomTest test, ZIndividualTestResult r):Resultado esperado: true
Resultado obtido: false
28/07/2016 11:11:02 - WARNING - br.zul.zwork2.test.ZTestManager.executeTest(ZCustomTest test):FALHOU!
28/07/2016 11:11:02 - WARNING - br.zul.zwork2.test.ZTestManager.printExpectedResult(ZCustomTest test, ZIndividualTestResult r):[br.zul.zwork2.test.basic.image.ZImageTest1]leitura de imagem de recurso interno ... Falhou!
28/07/2016 11:11:02 - WARNING - br.zul.zwork2.test.ZTestManager.printExpectedResult(ZCustomTest test, ZIndividualTestResult r):Resultado esperado: true
Resultado obtido: false
28/07/2016 11:11:02 - WARNING - br.zul.zwork2.test.ZTestManager.printExpectedResult(ZCustomTest test, ZIndividualTestResult r):[br.zul.zwork2.test.basic.image.ZImageTest2]leitura de imagem de recurso interno 2 ... Falhou!
28/07/2016 11:11:02 - WARNING - br.zul.zwork2.test.ZTestManager.printExpectedResult(ZCustomTest test, ZIndividualTestResult r):Resultado esperado: true
Resultado obtido: false
28/07/2016 11:22:52 - WARNING - br.zul.zwork2.test.ZTestManager.executeTest(ZCustomTest test):FALHOU!
28/07/2016 11:22:52 - WARNING - br.zul.zwork2.test.ZTestManager.printExpectedResult(ZCustomTest test, ZIndividualTestResult r):[br.zul.zwork2.test.basic.image.ZImageTest1]leitura de imagem de recurso interno ... Falhou!
28/07/2016 11:22:52 - WARNING - br.zul.zwork2.test.ZTestManager.printExpectedResult(ZCustomTest test, ZIndividualTestResult r):Resultado esperado: true
Resultado obtido: false
28/07/2016 11:22:52 - WARNING - br.zul.zwork2.test.ZTestManager.printExpectedResult(ZCustomTest test, ZIndividualTestResult r):[br.zul.zwork2.test.basic.image.ZImageTest2]leitura de imagem de recurso interno 2 ... Falhou!
28/07/2016 11:22:52 - WARNING - br.zul.zwork2.test.ZTestManager.printExpectedResult(ZCustomTest test, ZIndividualTestResult r):Resultado esperado: true
Resultado obtido: false
28/07/2016 11:47:47 - WARNING - br.zul.zwork2.test.ZTestManager.executeTest(ZCustomTest test):FALHOU!
28/07/2016 11:47:47 - WARNING - br.zul.zwork2.test.ZTestManager.printExpectedResult(ZCustomTest test, ZIndividualTestResult r):[br.zul.zwork2.test.basic.image.ZImageTest1]leitura de imagem de recurso interno ... Falhou!
28/07/2016 11:47:59 - WARNING - br.zul.zwork2.test.ZTestManager.printExpectedResult(ZCustomTest test, ZIndividualTestResult r):Resultado esperado: true
Resultado obtido: true
28/07/2016 11:47:59 - WARNING - br.zul.zwork2.test.ZTestManager.printExpectedResult(ZCustomTest test, ZIndividualTestResult r):[br.zul.zwork2.test.basic.image.ZImageTest2]leitura de imagem de recurso interno 2 ... Falhou!
28/07/2016 11:47:59 - WARNING - br.zul.zwork2.test.ZTestManager.printExpectedResult(ZCustomTest test, ZIndividualTestResult r):Resultado esperado: true
Resultado obtido: false
28/07/2016 11:48:29 - WARNING - br.zul.zwork2.test.ZTestManager.executeTest(ZCustomTest test):FALHOU!
28/07/2016 11:48:29 - WARNING - br.zul.zwork2.test.ZTestManager.printExpectedResult(ZCustomTest test, ZIndividualTestResult r):[br.zul.zwork2.test.basic.image.ZImageTest2]leitura de imagem de recurso interno 2 ... Falhou!
28/07/2016 11:51:59 - WARNING - br.zul.zwork2.test.ZTestManager.executeTest(ZCustomTest test):FALHOU!
28/07/2016 11:51:59 - WARNING - br.zul.zwork2.test.ZTestManager.printExpectedResult(ZCustomTest test, ZIndividualTestResult r):[br.zul.zwork2.test.basic.image.ZImageTest1]leitura de imagem de recurso interno ... Falhou!
28/07/2016 11:51:59 - WARNING - br.zul.zwork2.test.ZTestManager.printExpectedResult(ZCustomTest test, ZIndividualTestResult r):Resultado esperado: true
Resultado obtido: false
28/07/2016 11:51:59 - WARNING - br.zul.zwork2.test.ZTestManager.printExpectedResult(ZCustomTest test, ZIndividualTestResult r):[br.zul.zwork2.test.basic.image.ZImageTest2]leitura de imagem de recurso interno 2 ... Falhou!
28/07/2016 11:51:59 - WARNING - br.zul.zwork2.test.ZTestManager.printExpectedResult(ZCustomTest test, ZIndividualTestResult r):Resultado esperado: true
Resultado obtido: false
28/07/2016 11:52:12 - WARNING - br.zul.zwork2.test.ZTestManager.executeTest(ZCustomTest test):FALHOU!
28/07/2016 11:52:12 - WARNING - br.zul.zwork2.test.ZTestManager.printExpectedResult(ZCustomTest test, ZIndividualTestResult r):[br.zul.zwork2.test.basic.image.ZImageTest1]leitura de imagem de recurso interno ... Falhou!
28/07/2016 11:52:12 - WARNING - br.zul.zwork2.test.ZTestManager.printExpectedResult(ZCustomTest test, ZIndividualTestResult r):Resultado esperado: true
Resultado obtido: false
28/07/2016 11:52:12 - WARNING - br.zul.zwork2.test.ZTestManager.printExpectedResult(ZCustomTest test, ZIndividualTestResult r):[br.zul.zwork2.test.basic.image.ZImageTest2]leitura de imagem de recurso interno 2 ... Falhou!
28/07/2016 11:52:12 - WARNING - br.zul.zwork2.test.ZTestManager.printExpectedResult(ZCustomTest test, ZIndividualTestResult r):Resultado esperado: true
Resultado obtido: false
28/07/2016 11:53:23 - WARNING - br.zul.zwork2.test.ZTestManager.executeTest(ZCustomTest test):FALHOU!
28/07/2016 11:53:23 - WARNING - br.zul.zwork2.test.ZTestManager.printExpectedResult(ZCustomTest test, ZIndividualTestResult r):[br.zul.zwork2.test.basic.image.ZImageTest2]leitura de imagem de recurso interno 2 ... Falhou!
28/07/2016 11:53:32 - WARNING - br.zul.zwork2.test.ZTestManager.printExpectedResult(ZCustomTest test, ZIndividualTestResult r):Resultado esperado: true
Resultado obtido: false
28/07/2016 11:53:52 - WARNING - br.zul.zwork2.test.ZTestManager.executeTest(ZCustomTest test):FALHOU!
28/07/2016 11:53:52 - WARNING - br.zul.zwork2.test.ZTestManager.printExpectedResult(ZCustomTest test, ZIndividualTestResult r):[br.zul.zwork2.test.basic.image.ZImageTest1]leitura de imagem de recurso interno ... Falhou!
28/07/2016 11:53:52 - WARNING - br.zul.zwork2.test.ZTestManager.printExpectedResult(ZCustomTest test, ZIndividualTestResult r):Resultado esperado: true
Resultado obtido: false
28/07/2016 11:54:58 - WARNING - br.zul.zwork2.test.ZTestManager.executeTest(ZCustomTest test):FALHOU!
28/07/2016 11:54:58 - WARNING - br.zul.zwork2.test.ZTestManager.printExpectedResult(ZCustomTest test, ZIndividualTestResult r):[br.zul.zwork2.test.basic.image.ZImageTest1]leitura de imagem de recurso interno ... Falhou!
28/07/2016 11:55:06 - WARNING - br.zul.zwork2.test.ZTestManager.printExpectedResult(ZCustomTest test, ZIndividualTestResult r):Resultado esperado: true
Resultado obtido: true
28/07/2016 12:02:32 - WARNING - br.zul.zwork2.test.ZTestManager.executeTest(ZCustomTest test):FALHOU!
28/07/2016 12:02:32 - WARNING - br.zul.zwork2.test.ZTestManager.printExpectedResult(ZCustomTest test, ZIndividualTestResult r):[br.zul.zwork2.test.basic.image.ZImageTest1]leitura de imagem de recurso interno ... Falhou!
28/07/2016 12:04:39 - WARNING - br.zul.zwork2.test.ZTestManager.printExpectedResult(ZCustomTest test, ZIndividualTestResult r):Resultado esperado: true
Resultado obtido: true
28/07/2016 12:05:02 - WARNING - br.zul.zwork2.test.ZTestManager.executeTest(ZCustomTest test):FALHOU!
28/07/2016 12:05:02 - WARNING - br.zul.zwork2.test.ZTestManager.printExpectedResult(ZCustomTest test, ZIndividualTestResult r):[br.zul.zwork2.test.basic.image.ZImageTest1]leitura de imagem de recurso interno ... Falhou!
28/07/2016 12:07:15 - WARNING - br.zul.zwork2.test.ZTestManager.executeTest(ZCustomTest test):FALHOU!
28/07/2016 12:07:15 - WARNING - br.zul.zwork2.test.ZTestManager.printExpectedResult(ZCustomTest test, ZIndividualTestResult r):[br.zul.zwork2.test.basic.image.ZImageTest1]leitura de imagem de recurso interno ... Falhou!
28/07/2016 12:07:15 - WARNING - br.zul.zwork2.test.ZTestManager.printExpectedResult(ZCustomTest test, ZIndividualTestResult r):Resultado esperado: true
Resultado obtido: true
28/07/2016 12:07:42 - WARNING - br.zul.zwork2.test.ZTestManager.executeTest(ZCustomTest test):FALHOU!
28/07/2016 12:07:42 - WARNING - br.zul.zwork2.test.ZTestManager.printExpectedResult(ZCustomTest test, ZIndividualTestResult r):[br.zul.zwork2.test.basic.image.ZImageTest1]leitura de imagem de recurso interno ... Falhou!
28/07/2016 12:07:42 - WARNING - br.zul.zwork2.test.ZTestManager.printExpectedResult(ZCustomTest test, ZIndividualTestResult r):Resultado esperado: true
Resultado obtido: false
28/07/2016 12:08:57 - WARNING - br.zul.zwork2.test.ZTestManager.executeTest(ZCustomTest test):FALHOU!
28/07/2016 12:08:57 - WARNING - br.zul.zwork2.test.ZTestManager.printExpectedResult(ZCustomTest test, ZIndividualTestResult r):[br.zul.zwork2.test.basic.image.ZImageTest1]leitura de imagem de recurso interno ... Falhou!
28/07/2016 12:08:57 - WARNING - br.zul.zwork2.test.ZTestManager.printExpectedResult(ZCustomTest test, ZIndividualTestResult r):Resultado esperado: true
Resultado obtido: false
28/07/2016 12:09:09 - WARNING - br.zul.zwork2.test.ZTestManager.executeTest(ZCustomTest test):FALHOU!
28/07/2016 12:09:09 - WARNING - br.zul.zwork2.test.ZTestManager.printExpectedResult(ZCustomTest test, ZIndividualTestResult r):[br.zul.zwork2.test.basic.image.ZImageTest1]leitura de imagem de recurso interno ... Falhou!
28/07/2016 12:09:09 - WARNING - br.zul.zwork2.test.ZTestManager.printExpectedResult(ZCustomTest test, ZIndividualTestResult r):Resultado esperado: true
Resultado obtido: false
28/07/2016 12:11:18 - WARNING - br.zul.zwork2.test.ZTestManager.executeTest(ZCustomTest test):FALHOU!
28/07/2016 12:11:18 - WARNING - br.zul.zwork2.test.ZTestManager.printExpectedResult(ZCustomTest test, ZIndividualTestResult r):[br.zul.zwork2.test.basic.image.ZImageTest1]leitura de imagem de recurso interno ... Falhou!
28/07/2016 12:11:18 - WARNING - br.zul.zwork2.test.ZTestManager.printExpectedResult(ZCustomTest test, ZIndividualTestResult r):Resultado esperado: true
Resultado obtido: false
28/07/2016 12:15:36 - WARNING - br.zul.zwork2.test.ZTestManager.executeTest(ZCustomTest test):FALHOU!
28/07/2016 12:15:36 - WARNING - br.zul.zwork2.test.ZTestManager.printExpectedResult(ZCustomTest test, ZIndividualTestResult r):[br.zul.zwork2.test.basic.image.ZImageTest1]leitura de imagem de recurso interno ... Falhou!
28/07/2016 12:15:36 - WARNING - br.zul.zwork2.test.ZTestManager.printExpectedResult(ZCustomTest test, ZIndividualTestResult r):Resultado esperado: true
Resultado obtido: false
28/07/2016 12:19:35 - WARNING - br.zul.zwork2.test.ZTestManager.executeTest(ZCustomTest test):FALHOU!
28/07/2016 12:19:35 - WARNING - br.zul.zwork2.test.ZTestManager.printExpectedResult(ZCustomTest test, ZIndividualTestResult r):[br.zul.zwork2.test.basic.image.ZImageTest1]leitura de imagem de recurso interno ... Falhou!
28/07/2016 12:19:35 - WARNING - br.zul.zwork2.test.ZTestManager.printExpectedResult(ZCustomTest test, ZIndividualTestResult r):Resultado esperado: true
Resultado obtido: false
28/07/2016 12:19:57 - WARNING - br.zul.zwork2.test.ZTestManager.executeTest(ZCustomTest test):FALHOU!
28/07/2016 12:19:57 - WARNING - br.zul.zwork2.test.ZTestManager.printExpectedResult(ZCustomTest test, ZIndividualTestResult r):[br.zul.zwork2.test.basic.image.ZImageTest1]leitura de imagem de recurso interno ... Falhou!
28/07/2016 12:19:57 - WARNING - br.zul.zwork2.test.ZTestManager.printExpectedResult(ZCustomTest test, ZIndividualTestResult r):Resultado esperado: true
Resultado obtido: false
14/08/2016 15:30:11 - WARNING - br.zul.zwork2.test.ZTestManager.executeTest(ZCustomTest test):FALHOU!
14/08/2016 15:30:11 - WARNING - br.zul.zwork2.test.ZTestManager.printExpectedResult(ZCustomTest test, ZIndividualTestResult r):[br.zul.zwork2.test.basic.string.search.ZStringSearchTest1]Pesquisa básica de texto ... Falhou!
14/08/2016 15:30:11 - WARNING - br.zul.zwork2.test.ZTestManager.printExpectedResult(ZCustomTest test, ZIndividualTestResult r):Resultado esperado: [6, 7, 22, 54]
Resultado obtido: [6, 22]
14/08/2016 15:33:30 - WARNING - br.zul.zwork2.test.ZTestManager.executeTest(ZCustomTest test):FALHOU!
14/08/2016 15:33:30 - WARNING - br.zul.zwork2.test.ZTestManager.printExpectedResult(ZCustomTest test, ZIndividualTestResult r):[br.zul.zwork2.test.basic.string.search.ZStringSearchTest1]Pesquisa básica de texto ... Falhou!
14/08/2016 15:33:34 - WARNING - br.zul.zwork2.test.ZTestManager.printExpectedResult(ZCustomTest test, ZIndividualTestResult r):Resultado esperado: [6, 7, 22, 54]
Resultado obtido: [6, 22]
14/08/2016 15:36:11 - WARNING - br.zul.zwork2.test.ZTestManager.executeTest(ZCustomTest test):FALHOU!
14/08/2016 15:36:11 - WARNING - br.zul.zwork2.test.ZTestManager.printExpectedResult(ZCustomTest test, ZIndividualTestResult r):[br.zul.zwork2.test.basic.string.search.ZStringSearchTest1]Pesquisa básica de texto ... Falhou!
14/08/2016 15:36:14 - WARNING - br.zul.zwork2.test.ZTestManager.printExpectedResult(ZCustomTest test, ZIndividualTestResult r):Resultado esperado: [6, 7, 22, 54]
Resultado obtido: [6, 22, 25]
14/08/2016 15:37:53 - WARNING - br.zul.zwork2.test.ZTestManager.executeTest(ZCustomTest test):FALHOU!
14/08/2016 15:37:54 - WARNING - br.zul.zwork2.test.ZTestManager.printExpectedResult(ZCustomTest test, ZIndividualTestResult r):[br.zul.zwork2.test.basic.string.search.ZStringSearchTest1]Pesquisa básica de texto ... Falhou!
14/08/2016 15:37:54 - WARNING - br.zul.zwork2.test.ZTestManager.printExpectedResult(ZCustomTest test, ZIndividualTestResult r):Resultado esperado: [0, 6, 7, 22, 25]
Resultado obtido: [0, 7, 23, 26]
14/08/2016 16:39:39 - WARNING - br.zul.zwork2.test.ZTestManager.executeTest(ZCustomTest test):FALHOU!
14/08/2016 16:39:39 - WARNING - br.zul.zwork2.test.ZTestManager.printExpectedResult(ZCustomTest test, ZIndividualTestResult r):[br.zul.zwork2.test.basic.string.search.ZStringSearchTest1]Pesquisa básica de texto ... Falhou!
14/08/2016 16:39:39 - WARNING - br.zul.zwork2.test.ZTestManager.printExpectedResult(ZCustomTest test, ZIndividualTestResult r):Resultado esperado: [0, 6, 7, 22, 25]
Resultado obtido: [0, 7, 23, 26]
14/08/2016 16:39:42 - WARNING - br.zul.zwork2.test.ZTestManager.executeTest(ZCustomTest test):FALHOU!
14/08/2016 16:39:42 - WARNING - br.zul.zwork2.test.ZTestManager.printExpectedResult(ZCustomTest test, ZIndividualTestResult r):[br.zul.zwork2.test.basic.string.search.ZStringSearchTest1]Pesquisa básica de texto ... Falhou!
14/08/2016 16:39:42 - WARNING - br.zul.zwork2.test.ZTestManager.printExpectedResult(ZCustomTest test, ZIndividualTestResult r):Resultado esperado: [0, 6, 7, 22, 25]
Resultado obtido: [0, 7, 23, 26]
14/08/2016 16:41:21 - WARNING - br.zul.zwork2.test.ZTestManager.executeTest(ZCustomTest test):FALHOU!
14/08/2016 16:41:21 - WARNING - br.zul.zwork2.test.ZTestManager.printExpectedResult(ZCustomTest test, ZIndividualTestResult r):[br.zul.zwork2.test.basic.string.search.ZStringSearchTest1]Pesquisa básica de texto ... Falhou!
14/08/2016 16:41:21 - WARNING - br.zul.zwork2.test.ZTestManager.printExpectedResult(ZCustomTest test, ZIndividualTestResult r):Resultado esperado: [0, 6, 7, 22, 25]
Resultado obtido: [0, 7, 8, 23, 26]
14/08/2016 16:43:38 - WARNING - br.zul.zwork2.test.ZTestManager.executeTest(ZCustomTest test):FALHOU!
14/08/2016 16:43:38 - WARNING - br.zul.zwork2.test.ZTestManager.printExpectedResult(ZCustomTest test, ZIndividualTestResult r):[br.zul.zwork2.test.basic.string.search.ZStringSearchTest2]Pesquisa básica de texto ... Falhou!
14/08/2016 16:43:38 - WARNING - br.zul.zwork2.test.ZTestManager.printExpectedResult(ZCustomTest test, ZIndividualTestResult r):Resultado esperado: [0, 7, 8, 23, 26]
Resultado obtido: [0]
14/08/2016 16:44:10 - WARNING - br.zul.zwork2.test.ZTestManager.executeTest(ZCustomTest test):FALHOU!
14/08/2016 16:44:10 - WARNING - br.zul.zwork2.test.ZTestManager.printExpectedResult(ZCustomTest test, ZIndividualTestResult r):[br.zul.zwork2.test.basic.string.search.ZStringSearchTest3]Pesquisa básica de texto ... Falhou!
14/08/2016 16:44:10 - WARNING - br.zul.zwork2.test.ZTestManager.printExpectedResult(ZCustomTest test, ZIndividualTestResult r):Resultado esperado: [0, 1]
Resultado obtido: [0, 0]
